# JRE version: Java(TM) SE Runtime Environment (8.0_20-b26) (build 1.8.0_20-b26)
# Java VM: Java HotSpot(TM) 64-Bit Server VM (25.20-b23 mixed mode bsd-amd64 compressed oops)
Heap:
 PSYoungGen      total 38400K, used 9559K [0x000000016df80000, 0x0000000170a00000, 0x0000000198a00000)
  eden space 33280K, 24% used [0x000000016df80000,0x000000016e79dc70,0x0000000170000000)
  from space 5120K, 24% used [0x0000000170000000,0x0000000170138000,0x0000000170500000)
  to   space 5120K, 0% used [0x0000000170500000,0x0000000170500000,0x0000000170a00000)
 ParOldGen       total 87552K, used 7305K [0x0000000118a00000, 0x000000011df80000, 0x000000016df80000)
  object space 87552K, 8% used [0x0000000118a00000,0x00000001191227a0,0x000000011df80000)
 Metaspace       used 21026K, capacity 22162K, committed 22400K, reserved 1069056K
  class space    used 2920K, capacity 3148K, committed 3200K, reserved 1048576K
GC Heap History (8 events):
Event: 4.865 GC heap before
{Heap before GC invocations=1 (full 0):
 PSYoungGen      total 38400K, used 33280K [0x000000016df80000, 0x0000000170a00000, 0x0000000198a00000)
  eden space 33280K, 100% used [0x000000016df80000,0x0000000170000000,0x0000000170000000)
  from space 5120K, 0% used [0x0000000170500000,0x0000000170500000,0x0000000170a00000)
  to   space 5120K, 0% used [0x0000000170000000,0x0000000170000000,0x0000000170500000)
 ParOldGen       total 87552K, used 0K [0x0000000118a00000, 0x000000011df80000, 0x000000016df80000)
  object space 87552K, 0% used [0x0000000118a00000,0x0000000118a00000,0x000000011df80000)
 Metaspace       used 14463K, capacity 15056K, committed 15232K, reserved 1062912K
  class space    used 2033K, capacity 2168K, committed 2176K, reserved 1048576K
Event: 4.902 GC heap after
Heap after GC invocations=1 (full 0):
 PSYoungGen      total 38400K, used 4704K [0x000000016df80000, 0x0000000170a00000, 0x0000000198a00000)
  eden space 33280K, 0% used [0x000000016df80000,0x000000016df80000,0x0000000170000000)
  from space 5120K, 91% used [0x0000000170000000,0x0000000170498040,0x0000000170500000)
  to   space 5120K, 0% used [0x0000000170500000,0x0000000170500000,0x0000000170a00000)
 ParOldGen       total 87552K, used 80K [0x0000000118a00000, 0x000000011df80000, 0x000000016df80000)
  object space 87552K, 0% used [0x0000000118a00000,0x0000000118a14010,0x000000011df80000)
 Metaspace       used 14463K, capacity 15056K, committed 15232K, reserved 1062912K
  class space    used 2033K, capacity 2168K, committed 2176K, reserved 1048576K
}
Event: 13.488 GC heap before
{Heap before GC invocations=2 (full 0):
 PSYoungGen      total 38400K, used 15253K [0x000000016df80000, 0x0000000170a00000, 0x0000000198a00000)
  eden space 33280K, 31% used [0x000000016df80000,0x000000016e9cd638,0x0000000170000000)
  from space 5120K, 91% used [0x0000000170000000,0x0000000170498040,0x0000000170500000)
  to   space 5120K, 0% used [0x0000000170500000,0x0000000170500000,0x0000000170a00000)
 ParOldGen       total 87552K, used 80K [0x0000000118a00000, 0x000000011df80000, 0x000000016df80000)
  object space 87552K, 0% used [0x0000000118a00000,0x0000000118a14010,0x000000011df80000)
 Metaspace       used 17642K, capacity 18490K, committed 18560K, reserved 1064960K
  class space    used 2485K, capacity 2662K, committed 2688K, reserved 1048576K
Event: 13.502 GC heap after
Heap after GC invocations=2 (full 0):
 PSYoungGen      total 38400K, used 5092K [0x000000016df80000, 0x0000000170a00000, 0x0000000198a00000)
  eden space 33280K, 0% used [0x000000016df80000,0x000000016df80000,0x0000000170000000)
  from space 5120K, 99% used [0x0000000170500000,0x00000001709f9040,0x0000000170a00000)
  to   space 5120K, 0% used [0x0000000170000000,0x0000000170000000,0x0000000170500000)
 ParOldGen       total 87552K, used 2395K [0x0000000118a00000, 0x000000011df80000, 0x000000016df80000)
  object space 87552K, 2% used [0x0000000118a00000,0x0000000118c56de0,0x000000011df80000)
 Metaspace       used 17642K, capacity 18490K, committed 18560K, reserved 1064960K
  class space    used 2485K, capacity 2662K, committed 2688K, reserved 1048576K
}
Event: 13.502 GC heap before
{Heap before GC invocations=3 (full 1):
 PSYoungGen      total 38400K, used 5092K [0x000000016df80000, 0x0000000170a00000, 0x0000000198a00000)
  eden space 33280K, 0% used [0x000000016df80000,0x000000016df80000,0x0000000170000000)
  from space 5120K, 99% used [0x0000000170500000,0x00000001709f9040,0x0000000170a00000)
  to   space 5120K, 0% used [0x0000000170000000,0x0000000170000000,0x0000000170500000)
 ParOldGen       total 87552K, used 2395K [0x0000000118a00000, 0x000000011df80000, 0x000000016df80000)
  object space 87552K, 2% used [0x0000000118a00000,0x0000000118c56de0,0x000000011df80000)
 Metaspace       used 17642K, capacity 18490K, committed 18560K, reserved 1064960K
  class space    used 2485K, capacity 2662K, committed 2688K, reserved 1048576K
Event: 13.548 GC heap after
Heap after GC invocations=3 (full 1):
 PSYoungGen      total 38400K, used 0K [0x000000016df80000, 0x0000000170a00000, 0x0000000198a00000)
  eden space 33280K, 0% used [0x000000016df80000,0x000000016df80000,0x0000000170000000)
  from space 5120K, 0% used [0x0000000170500000,0x0000000170500000,0x0000000170a00000)
  to   space 5120K, 0% used [0x0000000170000000,0x0000000170000000,0x0000000170500000)
 ParOldGen       total 87552K, used 7297K [0x0000000118a00000, 0x000000011df80000, 0x000000016df80000)
  object space 87552K, 8% used [0x0000000118a00000,0x00000001191207a0,0x000000011df80000)
 Metaspace       used 17641K, capacity 18488K, committed 18560K, reserved 1064960K
  class space    used 2484K, capacity 2661K, committed 2688K, reserved 1048576K
}
Event: 34.778 GC heap before
{Heap before GC invocations=4 (full 1):
 PSYoungGen      total 38400K, used 33280K [0x000000016df80000, 0x0000000170a00000, 0x0000000198a00000)
  eden space 33280K, 100% used [0x000000016df80000,0x0000000170000000,0x0000000170000000)
  from space 5120K, 0% used [0x0000000170500000,0x0000000170500000,0x0000000170a00000)
  to   space 5120K, 0% used [0x0000000170000000,0x0000000170000000,0x0000000170500000)
 ParOldGen       total 87552K, used 7297K [0x0000000118a00000, 0x000000011df80000, 0x000000016df80000)
  object space 87552K, 8% used [0x0000000118a00000,0x00000001191207a0,0x000000011df80000)
 Metaspace       used 20395K, capacity 21530K, committed 21632K, reserved 1067008K
  class space    used 2879K, capacity 3130K, committed 3200K, reserved 1048576K
Event: 34.785 GC heap after
Heap after GC invocations=4 (full 1):
 PSYoungGen      total 38400K, used 1248K [0x000000016df80000, 0x0000000170a00000, 0x0000000198a00000)
  eden space 33280K, 0% used [0x000000016df80000,0x000000016df80000,0x0000000170000000)
  from space 5120K, 24% used [0x0000000170000000,0x0000000170138000,0x0000000170500000)
  to   space 5120K, 0% used [0x0000000170500000,0x0000000170500000,0x0000000170a00000)
 ParOldGen       total 87552K, used 7305K [0x0000000118a00000, 0x000000011df80000, 0x000000016df80000)
  object space 87552K, 8% used [0x0000000118a00000,0x00000001191227a0,0x000000011df80000)
 Metaspace       used 20395K, capacity 21530K, committed 21632K, reserved 1067008K
  class space    used 2879K, capacity 3130K, committed 3200K, reserved 1048576K
}

