# JRE version: Java(TM) SE Runtime Environment (8.0_20-b26) (build 1.8.0_20-b26)
# Java VM: Java HotSpot(TM) 64-Bit Server VM (25.20-b23 mixed mode bsd-amd64 compressed oops)
Heap:
 PSYoungGen      total 38400K, used 9405K [0x000000016bd80000, 0x000000016e800000, 0x0000000196800000)
  eden space 33280K, 24% used [0x000000016bd80000,0x000000016c56f460,0x000000016de00000)
  from space 5120K, 25% used [0x000000016de00000,0x000000016df40000,0x000000016e300000)
  to   space 5120K, 0% used [0x000000016e300000,0x000000016e300000,0x000000016e800000)
 ParOldGen       total 87552K, used 7443K [0x0000000116800000, 0x000000011bd80000, 0x000000016bd80000)
  object space 87552K, 8% used [0x0000000116800000,0x0000000116f44e80,0x000000011bd80000)
 Metaspace       used 21162K, capacity 22346K, committed 22400K, reserved 1069056K
  class space    used 2924K, capacity 3148K, committed 3200K, reserved 1048576K
GC Heap History (8 events):
Event: 4.283 GC heap before
{Heap before GC invocations=1 (full 0):
 PSYoungGen      total 38400K, used 33280K [0x000000016bd80000, 0x000000016e800000, 0x0000000196800000)
  eden space 33280K, 100% used [0x000000016bd80000,0x000000016de00000,0x000000016de00000)
  from space 5120K, 0% used [0x000000016e300000,0x000000016e300000,0x000000016e800000)
  to   space 5120K, 0% used [0x000000016de00000,0x000000016de00000,0x000000016e300000)
 ParOldGen       total 87552K, used 0K [0x0000000116800000, 0x000000011bd80000, 0x000000016bd80000)
  object space 87552K, 0% used [0x0000000116800000,0x0000000116800000,0x000000011bd80000)
 Metaspace       used 14504K, capacity 15082K, committed 15360K, reserved 1062912K
  class space    used 2033K, capacity 2201K, committed 2304K, reserved 1048576K
Event: 4.307 GC heap after
Heap after GC invocations=1 (full 0):
 PSYoungGen      total 38400K, used 4720K [0x000000016bd80000, 0x000000016e800000, 0x0000000196800000)
  eden space 33280K, 0% used [0x000000016bd80000,0x000000016bd80000,0x000000016de00000)
  from space 5120K, 92% used [0x000000016de00000,0x000000016e29c050,0x000000016e300000)
  to   space 5120K, 0% used [0x000000016e300000,0x000000016e300000,0x000000016e800000)
 ParOldGen       total 87552K, used 80K [0x0000000116800000, 0x000000011bd80000, 0x000000016bd80000)
  object space 87552K, 0% used [0x0000000116800000,0x0000000116814010,0x000000011bd80000)
 Metaspace       used 14504K, capacity 15082K, committed 15360K, reserved 1062912K
  class space    used 2033K, capacity 2201K, committed 2304K, reserved 1048576K
}
Event: 25.682 GC heap before
{Heap before GC invocations=2 (full 0):
 PSYoungGen      total 38400K, used 17398K [0x000000016bd80000, 0x000000016e800000, 0x0000000196800000)
  eden space 33280K, 38% used [0x000000016bd80000,0x000000016c9e1970,0x000000016de00000)
  from space 5120K, 92% used [0x000000016de00000,0x000000016e29c050,0x000000016e300000)
  to   space 5120K, 0% used [0x000000016e300000,0x000000016e300000,0x000000016e800000)
 ParOldGen       total 87552K, used 80K [0x0000000116800000, 0x000000011bd80000, 0x000000016bd80000)
  object space 87552K, 0% used [0x0000000116800000,0x0000000116814010,0x000000011bd80000)
 Metaspace       used 17641K, capacity 18496K, committed 18560K, reserved 1064960K
  class space    used 2470K, capacity 2649K, committed 2688K, reserved 1048576K
Event: 25.695 GC heap after
Heap after GC invocations=2 (full 0):
 PSYoungGen      total 38400K, used 5088K [0x000000016bd80000, 0x000000016e800000, 0x0000000196800000)
  eden space 33280K, 0% used [0x000000016bd80000,0x000000016bd80000,0x000000016de00000)
  from space 5120K, 99% used [0x000000016e300000,0x000000016e7f8040,0x000000016e800000)
  to   space 5120K, 0% used [0x000000016de00000,0x000000016de00000,0x000000016e300000)
 ParOldGen       total 87552K, used 4480K [0x0000000116800000, 0x000000011bd80000, 0x000000016bd80000)
  object space 87552K, 5% used [0x0000000116800000,0x0000000116c60030,0x000000011bd80000)
 Metaspace       used 17641K, capacity 18496K, committed 18560K, reserved 1064960K
  class space    used 2470K, capacity 2649K, committed 2688K, reserved 1048576K
}
Event: 25.695 GC heap before
{Heap before GC invocations=3 (full 1):
 PSYoungGen      total 38400K, used 5088K [0x000000016bd80000, 0x000000016e800000, 0x0000000196800000)
  eden space 33280K, 0% used [0x000000016bd80000,0x000000016bd80000,0x000000016de00000)
  from space 5120K, 99% used [0x000000016e300000,0x000000016e7f8040,0x000000016e800000)
  to   space 5120K, 0% used [0x000000016de00000,0x000000016de00000,0x000000016e300000)
 ParOldGen       total 87552K, used 4480K [0x0000000116800000, 0x000000011bd80000, 0x000000016bd80000)
  object space 87552K, 5% used [0x0000000116800000,0x0000000116c60030,0x000000011bd80000)
 Metaspace       used 17641K, capacity 18496K, committed 18560K, reserved 1064960K
  class space    used 2470K, capacity 2649K, committed 2688K, reserved 1048576K
Event: 25.733 GC heap after
Heap after GC invocations=3 (full 1):
 PSYoungGen      total 38400K, used 0K [0x000000016bd80000, 0x000000016e800000, 0x0000000196800000)
  eden space 33280K, 0% used [0x000000016bd80000,0x000000016bd80000,0x000000016de00000)
  from space 5120K, 0% used [0x000000016e300000,0x000000016e300000,0x000000016e800000)
  to   space 5120K, 0% used [0x000000016de00000,0x000000016de00000,0x000000016e300000)
 ParOldGen       total 87552K, used 7435K [0x0000000116800000, 0x000000011bd80000, 0x000000016bd80000)
  object space 87552K, 8% used [0x0000000116800000,0x0000000116f42e80,0x000000011bd80000)
 Metaspace       used 17640K, capacity 18494K, committed 18560K, reserved 1064960K
  class space    used 2470K, capacity 2648K, committed 2688K, reserved 1048576K
}
Event: 37.588 GC heap before
{Heap before GC invocations=4 (full 1):
 PSYoungGen      total 38400K, used 33280K [0x000000016bd80000, 0x000000016e800000, 0x0000000196800000)
  eden space 33280K, 100% used [0x000000016bd80000,0x000000016de00000,0x000000016de00000)
  from space 5120K, 0% used [0x000000016e300000,0x000000016e300000,0x000000016e800000)
  to   space 5120K, 0% used [0x000000016de00000,0x000000016de00000,0x000000016e300000)
 ParOldGen       total 87552K, used 7435K [0x0000000116800000, 0x000000011bd80000, 0x000000016bd80000)
  object space 87552K, 8% used [0x0000000116800000,0x0000000116f42e80,0x000000011bd80000)
 Metaspace       used 20400K, capacity 21552K, committed 21888K, reserved 1069056K
  class space    used 2873K, capacity 3119K, committed 3200K, reserved 1048576K
Event: 37.595 GC heap after
Heap after GC invocations=4 (full 1):
 PSYoungGen      total 38400K, used 1280K [0x000000016bd80000, 0x000000016e800000, 0x0000000196800000)
  eden space 33280K, 0% used [0x000000016bd80000,0x000000016bd80000,0x000000016de00000)
  from space 5120K, 25% used [0x000000016de00000,0x000000016df40000,0x000000016e300000)
  to   space 5120K, 0% used [0x000000016e300000,0x000000016e300000,0x000000016e800000)
 ParOldGen       total 87552K, used 7443K [0x0000000116800000, 0x000000011bd80000, 0x000000016bd80000)
  object space 87552K, 8% used [0x0000000116800000,0x0000000116f44e80,0x000000011bd80000)
 Metaspace       used 20400K, capacity 21552K, committed 21888K, reserved 1069056K
  class space    used 2873K, capacity 3119K, committed 3200K, reserved 1048576K
}

